0 info it worked if it ends with ok
1 verbose cli [ 'C:\\Program Files\\nodejs\\node.exe',
1 verbose cli   'C:\\Program Files\\nodejs\\node_modules\\npm\\bin\\npm-cli.js',
1 verbose cli   'start' ]
2 info using npm@3.10.3
3 info using node@v6.3.0
4 verbose run-script [ 'prestart', 'start', 'poststart' ]
5 info lifecycle webrtc-testing@0.1.0~prestart: webrtc-testing@0.1.0
6 silly lifecycle webrtc-testing@0.1.0~prestart: no script for prestart, continuing
7 info lifecycle webrtc-testing@0.1.0~start: webrtc-testing@0.1.0
8 verbose lifecycle webrtc-testing@0.1.0~start: unsafe-perm in lifecycle true
9 verbose lifecycle webrtc-testing@0.1.0~start: PATH: C:\Program Files\nodejs\node_modules\npm\bin\node-gyp-bin;C:\Users\OEM\Documents\GitHub\webrtc-web\work\node_modules\.bin;C:\Program Files\nodejs;C:\Program Files\Git\cmd;C:\Program Files (x86)\NVIDIA Corporation\PhysX\Common;C:\ProgramData\Oracle\Java\javapath;C:\WINDOWS\system32;C:\WINDOWS;C:\WINDOWS\System32\Wbem;C:\WINDOWS\System32\WindowsPowerShell\v1.0\;C:\Program Files (x86)\ATI Technologies\ATI.ACE\Core-Static;C:\Program Files (x86)\AMD\ATI.ACE\Core-Static;C:\HashiCorp\Vagrant\bin;C:\Program Files\nodejs\;C:\Users\OEM\AppData\Local\atom\bin;C:\Users\OEM\AppData\Roaming\npm
10 verbose lifecycle webrtc-testing@0.1.0~start: CWD: C:\Users\OEM\Documents\GitHub\webrtc-web\work
11 silly lifecycle webrtc-testing@0.1.0~start: Args: [ '/d /s /c',
11 silly lifecycle   'node-inspector --web-port=8888 & node --allow-file-access-from-files --debug index.js' ]
12 silly lifecycle webrtc-testing@0.1.0~start: Returned: code: 9  signal: null
13 info lifecycle webrtc-testing@0.1.0~start: Failed to exec start script
14 verbose stack Error: webrtc-testing@0.1.0 start: `node-inspector --web-port=8888 & node --allow-file-access-from-files --debug index.js`
14 verbose stack Exit status 9
14 verbose stack     at EventEmitter.<anonymous> (C:\Program Files\nodejs\node_modules\npm\lib\utils\lifecycle.js:242:16)
14 verbose stack     at emitTwo (events.js:106:13)
14 verbose stack     at EventEmitter.emit (events.js:191:7)
14 verbose stack     at ChildProcess.<anonymous> (C:\Program Files\nodejs\node_modules\npm\lib\utils\spawn.js:40:14)
14 verbose stack     at emitTwo (events.js:106:13)
14 verbose stack     at ChildProcess.emit (events.js:191:7)
14 verbose stack     at maybeClose (internal/child_process.js:852:16)
14 verbose stack     at Process.ChildProcess._handle.onexit (internal/child_process.js:215:5)
15 verbose pkgid webrtc-testing@0.1.0
16 verbose cwd C:\Users\OEM\Documents\GitHub\webrtc-web\work
17 error Windows_NT 10.0.10586
18 error argv "C:\\Program Files\\nodejs\\node.exe" "C:\\Program Files\\nodejs\\node_modules\\npm\\bin\\npm-cli.js" "start"
19 error node v6.3.0
20 error npm  v3.10.3
21 error code ELIFECYCLE
22 error webrtc-testing@0.1.0 start: `node-inspector --web-port=8888 & node --allow-file-access-from-files --debug index.js`
22 error Exit status 9
23 error Failed at the webrtc-testing@0.1.0 start script 'node-inspector --web-port=8888 & node --allow-file-access-from-files --debug index.js'.
23 error Make sure you have the latest version of node.js and npm installed.
23 error If you do, this is most likely a problem with the webrtc-testing package,
23 error not with npm itself.
23 error Tell the author that this fails on your system:
23 error     node-inspector --web-port=8888 & node --allow-file-access-from-files --debug index.js
23 error You can get information on how to open an issue for this project with:
23 error     npm bugs webrtc-testing
23 error Or if that isn't available, you can get their info via:
23 error     npm owner ls webrtc-testing
23 error There is likely additional logging output above.
24 verbose exit [ 1, true ]
